<?xml version="1.0" encoding="UTF-8"?>
<testsuite name="org.dizzyfox734.todo_list.web.TodosControllerTest" tests="1" skipped="0" failures="0" errors="0" timestamp="2023-04-22T21:55:56" hostname="LAPTOP-Q64REQIC" time="0.595">
  <properties/>
  <testcase name="load_todoPage" classname="org.dizzyfox734.todo_list.web.TodosControllerTest" time="0.595"/>
  <system-out><![CDATA[06:55:45.545 [Test worker] DEBUG org.springframework.test.context.junit4.SpringJUnit4ClassRunner - SpringJUnit4ClassRunner constructor called with [class org.dizzyfox734.todo_list.web.TodosControllerTest]
06:55:45.559 [Test worker] DEBUG org.springframework.test.context.BootstrapUtils - Instantiating CacheAwareContextLoaderDelegate from class [org.springframework.test.context.cache.DefaultCacheAwareContextLoaderDelegate]
06:55:45.575 [Test worker] DEBUG org.springframework.test.context.BootstrapUtils - Instantiating BootstrapContext using constructor [public org.springframework.test.context.support.DefaultBootstrapContext(java.lang.Class,org.springframework.test.context.CacheAwareContextLoaderDelegate)]
06:55:45.621 [Test worker] DEBUG org.springframework.test.context.BootstrapUtils - Instantiating TestContextBootstrapper for test class [org.dizzyfox734.todo_list.web.TodosControllerTest] from class [org.springframework.boot.test.context.SpringBootTestContextBootstrapper]
06:55:45.642 [Test worker] INFO org.springframework.boot.test.context.SpringBootTestContextBootstrapper - Neither @ContextConfiguration nor @ContextHierarchy found for test class [org.dizzyfox734.todo_list.web.TodosControllerTest], using SpringBootContextLoader
06:55:45.648 [Test worker] DEBUG org.springframework.test.context.support.AbstractContextLoader - Did not detect default resource location for test class [org.dizzyfox734.todo_list.web.TodosControllerTest]: class path resource [org/dizzyfox734/todo_list/web/TodosControllerTest-context.xml] does not exist
06:55:45.650 [Test worker] DEBUG org.springframework.test.context.support.AbstractContextLoader - Did not detect default resource location for test class [org.dizzyfox734.todo_list.web.TodosControllerTest]: class path resource [org/dizzyfox734/todo_list/web/TodosControllerTestContext.groovy] does not exist
06:55:45.651 [Test worker] INFO org.springframework.test.context.support.AbstractContextLoader - Could not detect default resource locations for test class [org.dizzyfox734.todo_list.web.TodosControllerTest]: no resource found for suffixes {-context.xml, Context.groovy}.
06:55:45.653 [Test worker] INFO org.springframework.test.context.support.AnnotationConfigContextLoaderUtils - Could not detect default configuration classes for test class [org.dizzyfox734.todo_list.web.TodosControllerTest]: TodosControllerTest does not declare any static, non-private, non-final, nested classes annotated with @Configuration.
06:55:45.780 [Test worker] DEBUG org.springframework.test.context.support.ActiveProfilesUtils - Could not find an 'annotation declaring class' for annotation type [org.springframework.test.context.ActiveProfiles] and class [org.dizzyfox734.todo_list.web.TodosControllerTest]
06:55:45.938 [Test worker] DEBUG org.springframework.context.annotation.ClassPathScanningCandidateComponentProvider - Identified candidate component class: file [C:\Users\oksd0\Documents\Projects\todo_list\web\build\classes\java\main\org\dizzyfox734\todo_list\Application.class]
06:55:45.940 [Test worker] INFO org.springframework.boot.test.context.SpringBootTestContextBootstrapper - Found @SpringBootConfiguration org.dizzyfox734.todo_list.Application for test class org.dizzyfox734.todo_list.web.TodosControllerTest
06:55:46.112 [Test worker] DEBUG org.springframework.boot.test.context.SpringBootTestContextBootstrapper - @TestExecutionListeners is not present for class [org.dizzyfox734.todo_list.web.TodosControllerTest]: using defaults.
06:55:46.114 [Test worker] INFO org.springframework.boot.test.context.SpringBootTestContextBootstrapper - Loaded default TestExecutionListener class names from location [META-INF/spring.factories]: [org.springframework.boot.test.autoconfigure.restdocs.RestDocsTestExecutionListener, org.springframework.boot.test.autoconfigure.web.client.MockRestServiceServerResetTestExecutionListener, org.springframework.boot.test.autoconfigure.web.servlet.MockMvcPrintOnlyOnFailureTestExecutionListener, org.springframework.boot.test.autoconfigure.web.servlet.WebDriverTestExecutionListener, org.springframework.boot.test.mock.mockito.MockitoTestExecutionListener, org.springframework.boot.test.mock.mockito.ResetMocksTestExecutionListener, org.springframework.test.context.web.ServletTestExecutionListener, org.springframework.test.context.support.DirtiesContextBeforeModesTestExecutionListener, org.springframework.test.context.support.DependencyInjectionTestExecutionListener, org.springframework.test.context.support.DirtiesContextTestExecutionListener, org.springframework.test.context.transaction.TransactionalTestExecutionListener, org.springframework.test.context.jdbc.SqlScriptsTestExecutionListener]
06:55:46.142 [Test worker] INFO org.springframework.boot.test.context.SpringBootTestContextBootstrapper - Using TestExecutionListeners: [org.springframework.test.context.web.ServletTestExecutionListener@4982cc36, org.springframework.test.context.support.DirtiesContextBeforeModesTestExecutionListener@691939c9, org.springframework.boot.test.mock.mockito.MockitoTestExecutionListener@4f1bfe23, org.springframework.boot.test.autoconfigure.SpringBootDependencyInjectionTestExecutionListener@e19bb76, org.springframework.test.context.support.DirtiesContextTestExecutionListener@512535ff, org.springframework.test.context.transaction.TransactionalTestExecutionListener@71529963, org.springframework.test.context.jdbc.SqlScriptsTestExecutionListener@61a88b8c, org.springframework.boot.test.autoconfigure.restdocs.RestDocsTestExecutionListener@22295ec4, org.springframework.boot.test.autoconfigure.web.client.MockRestServiceServerResetTestExecutionListener@5adb0db3, org.springframework.boot.test.autoconfigure.web.servlet.MockMvcPrintOnlyOnFailureTestExecutionListener@3f270e0a, org.springframework.boot.test.autoconfigure.web.servlet.WebDriverTestExecutionListener@1a760689, org.springframework.boot.test.mock.mockito.ResetMocksTestExecutionListener@7241a47d]
06:55:46.150 [Test worker] DEBUG org.springframework.test.annotation.ProfileValueUtils - Retrieved @ProfileValueSourceConfiguration [null] for test class [org.dizzyfox734.todo_list.web.TodosControllerTest]
06:55:46.151 [Test worker] DEBUG org.springframework.test.annotation.ProfileValueUtils - Retrieved ProfileValueSource type [class org.springframework.test.annotation.SystemProfileValueSource] for class [org.dizzyfox734.todo_list.web.TodosControllerTest]
06:55:46.156 [Test worker] DEBUG org.springframework.test.annotation.ProfileValueUtils - Retrieved @ProfileValueSourceConfiguration [null] for test class [org.dizzyfox734.todo_list.web.TodosControllerTest]
06:55:46.156 [Test worker] DEBUG org.springframework.test.annotation.ProfileValueUtils - Retrieved ProfileValueSource type [class org.springframework.test.annotation.SystemProfileValueSource] for class [org.dizzyfox734.todo_list.web.TodosControllerTest]
06:55:46.157 [Test worker] DEBUG org.springframework.test.annotation.ProfileValueUtils - Retrieved @ProfileValueSourceConfiguration [null] for test class [org.dizzyfox734.todo_list.web.TodosControllerTest]
06:55:46.158 [Test worker] DEBUG org.springframework.test.annotation.ProfileValueUtils - Retrieved ProfileValueSource type [class org.springframework.test.annotation.SystemProfileValueSource] for class [org.dizzyfox734.todo_list.web.TodosControllerTest]
06:55:46.166 [Test worker] DEBUG org.springframework.test.context.support.AbstractDirtiesContextTestExecutionListener - Before test class: context [DefaultTestContext@15dcfae7 testClass = TodosControllerTest, testInstance = [null], testMethod = [null], testException = [null], mergedContextConfiguration = [WebMergedContextConfiguration@3da05287 testClass = TodosControllerTest, locations = '{}', classes = '{class org.dizzyfox734.todo_list.Application}', contextInitializerClasses = '[]', activeProfiles = '{}', propertySourceLocations = '{}', propertySourceProperties = '{org.springframework.boot.test.context.SpringBootTestContextBootstrapper=true, server.port=0}', contextCustomizers = set[org.springframework.boot.test.autoconfigure.properties.PropertyMappingContextCustomizer@0, org.springframework.boot.test.autoconfigure.web.servlet.WebDriverContextCustomizerFactory$Customizer@17bffc17, org.springframework.boot.test.context.filter.ExcludeFilterContextCustomizer@48e1f6c7, org.springframework.boot.test.json.DuplicateJsonObjectContextCustomizerFactory$DuplicateJsonObjectContextCustomizer@480d3575, org.springframework.boot.test.mock.mockito.MockitoContextCustomizer@0, org.springframework.boot.test.web.client.TestRestTemplateContextCustomizer@7e990ed7], resourceBasePath = 'src/main/webapp', contextLoader = 'org.springframework.boot.test.context.SpringBootContextLoader', parent = [null]], attributes = map['org.springframework.test.context.web.ServletTestExecutionListener.activateListener' -> false]], class annotated with @DirtiesContext [false] with mode [null].
06:55:46.168 [Test worker] DEBUG org.springframework.test.annotation.ProfileValueUtils - Retrieved @ProfileValueSourceConfiguration [null] for test class [org.dizzyfox734.todo_list.web.TodosControllerTest]
06:55:46.169 [Test worker] DEBUG org.springframework.test.annotation.ProfileValueUtils - Retrieved ProfileValueSource type [class org.springframework.test.annotation.SystemProfileValueSource] for class [org.dizzyfox734.todo_list.web.TodosControllerTest]
06:55:46.176 [Test worker] DEBUG org.springframework.test.context.support.DependencyInjectionTestExecutionListener - Performing dependency injection for test context [[DefaultTestContext@15dcfae7 testClass = TodosControllerTest, testInstance = org.dizzyfox734.todo_list.web.TodosControllerTest@39fcbef6, testMethod = [null], testException = [null], mergedContextConfiguration = [WebMergedContextConfiguration@3da05287 testClass = TodosControllerTest, locations = '{}', classes = '{class org.dizzyfox734.todo_list.Application}', contextInitializerClasses = '[]', activeProfiles = '{}', propertySourceLocations = '{}', propertySourceProperties = '{org.springframework.boot.test.context.SpringBootTestContextBootstrapper=true, server.port=0}', contextCustomizers = set[org.springframework.boot.test.autoconfigure.properties.PropertyMappingContextCustomizer@0, org.springframework.boot.test.autoconfigure.web.servlet.WebDriverContextCustomizerFactory$Customizer@17bffc17, org.springframework.boot.test.context.filter.ExcludeFilterContextCustomizer@48e1f6c7, org.springframework.boot.test.json.DuplicateJsonObjectContextCustomizerFactory$DuplicateJsonObjectContextCustomizer@480d3575, org.springframework.boot.test.mock.mockito.MockitoContextCustomizer@0, org.springframework.boot.test.web.client.TestRestTemplateContextCustomizer@7e990ed7], resourceBasePath = 'src/main/webapp', contextLoader = 'org.springframework.boot.test.context.SpringBootContextLoader', parent = [null]], attributes = map['org.springframework.test.context.web.ServletTestExecutionListener.activateListener' -> false]]].
06:55:46.202 [Test worker] DEBUG org.springframework.test.context.support.TestPropertySourceUtils - Adding inlined properties to environment: {spring.jmx.enabled=false, org.springframework.boot.test.context.SpringBootTestContextBootstrapper=true, server.port=0}

  .   ____          _            __ _ _
 /\\ / ___'_ __ _ _(_)_ __  __ _ \ \ \ \
( ( )\___ | '_ | '_| | '_ \/ _` | \ \ \ \
 \\/  ___)| |_)| | | | | || (_| |  ) ) ) )
  '  |____| .__|_| |_|_| |_\__, | / / / /
 =========|_|==============|___/=/_/_/_/
 :: Spring Boot ::        (v2.1.9.RELEASE)

2023-04-23 06:55:46.755  INFO 3844 --- [    Test worker] o.d.todo_list.web.TodosControllerTest    : Starting TodosControllerTest on LAPTOP-Q64REQIC with PID 3844 (started by oksd0 in C:\Users\oksd0\Documents\Projects\todo_list\web)
2023-04-23 06:55:46.757  INFO 3844 --- [    Test worker] o.d.todo_list.web.TodosControllerTest    : No active profile set, falling back to default profiles: default
2023-04-23 06:55:48.621  INFO 3844 --- [    Test worker] .s.d.r.c.RepositoryConfigurationDelegate : Bootstrapping Spring Data repositories in DEFAULT mode.
2023-04-23 06:55:48.814  INFO 3844 --- [    Test worker] .s.d.r.c.RepositoryConfigurationDelegate : Finished Spring Data repository scanning in 165ms. Found 1 repository interfaces.
2023-04-23 06:55:49.616  INFO 3844 --- [    Test worker] trationDelegate$BeanPostProcessorChecker : Bean 'org.springframework.transaction.annotation.ProxyTransactionManagementConfiguration' of type [org.springframework.transaction.annotation.ProxyTransactionManagementConfiguration$$EnhancerBySpringCGLIB$$c7c8d334] is not eligible for getting processed by all BeanPostProcessors (for example: not eligible for auto-proxying)
2023-04-23 06:55:50.443  INFO 3844 --- [    Test worker] o.s.b.w.embedded.tomcat.TomcatWebServer  : Tomcat initialized with port(s): 0 (http)
2023-04-23 06:55:50.497  INFO 3844 --- [    Test worker] o.apache.catalina.core.StandardService   : Starting service [Tomcat]
2023-04-23 06:55:50.499  INFO 3844 --- [    Test worker] org.apache.catalina.core.StandardEngine  : Starting Servlet engine: [Apache Tomcat/9.0.26]
2023-04-23 06:55:50.805  INFO 3844 --- [    Test worker] o.a.c.c.C.[Tomcat].[localhost].[/]       : Initializing Spring embedded WebApplicationContext
2023-04-23 06:55:50.805  INFO 3844 --- [    Test worker] o.s.web.context.ContextLoader            : Root WebApplicationContext: initialization completed in 4018 ms
2023-04-23 06:55:51.368  INFO 3844 --- [    Test worker] com.zaxxer.hikari.HikariDataSource       : HikariPool-1 - Starting...
2023-04-23 06:55:51.699  INFO 3844 --- [    Test worker] com.zaxxer.hikari.HikariDataSource       : HikariPool-1 - Start completed.
2023-04-23 06:55:51.864  INFO 3844 --- [    Test worker] o.hibernate.jpa.internal.util.LogHelper  : HHH000204: Processing PersistenceUnitInfo [
	name: default
	...]
2023-04-23 06:55:52.016  INFO 3844 --- [    Test worker] org.hibernate.Version                    : HHH000412: Hibernate Core {5.3.12.Final}
2023-04-23 06:55:52.027  INFO 3844 --- [    Test worker] org.hibernate.cfg.Environment            : HHH000206: hibernate.properties not found
2023-04-23 06:55:52.370  INFO 3844 --- [    Test worker] o.hibernate.annotations.common.Version   : HCANN000001: Hibernate Commons Annotations {5.0.4.Final}
2023-04-23 06:55:52.647  INFO 3844 --- [    Test worker] org.hibernate.dialect.Dialect            : HHH000400: Using dialect: org.hibernate.dialect.MySQL5InnoDBDialect
2023-04-23 06:55:53.814  INFO 3844 --- [    Test worker] o.h.t.schema.internal.SchemaCreatorImpl  : HHH000476: Executing import script 'org.hibernate.tool.schema.internal.exec.ScriptSourceInputNonExistentImpl@44618fe6'
2023-04-23 06:55:53.819  INFO 3844 --- [    Test worker] j.LocalContainerEntityManagerFactoryBean : Initialized JPA EntityManagerFactory for persistence unit 'default'
2023-04-23 06:55:55.067  INFO 3844 --- [    Test worker] o.h.h.i.QueryTranslatorFactoryInitiator  : HHH000397: Using ASTQueryTranslatorFactory
2023-04-23 06:55:55.315  INFO 3844 --- [    Test worker] o.s.s.concurrent.ThreadPoolTaskExecutor  : Initializing ExecutorService 'applicationTaskExecutor'
2023-04-23 06:55:55.441  WARN 3844 --- [    Test worker] aWebConfiguration$JpaWebMvcConfiguration : spring.jpa.open-in-view is enabled by default. Therefore, database queries may be performed during view rendering. Explicitly configure spring.jpa.open-in-view to disable this warning
2023-04-23 06:55:56.183  INFO 3844 --- [    Test worker] o.s.b.w.embedded.tomcat.TomcatWebServer  : Tomcat started on port(s): 65197 (http) with context path ''
2023-04-23 06:55:56.188  INFO 3844 --- [    Test worker] o.d.todo_list.web.TodosControllerTest    : Started TodosControllerTest in 9.982 seconds (JVM running for 12.84)
2023-04-23 06:55:56.578  INFO 3844 --- [o-auto-1-exec-1] o.a.c.c.C.[Tomcat].[localhost].[/]       : Initializing Spring DispatcherServlet 'dispatcherServlet'
2023-04-23 06:55:56.579  INFO 3844 --- [o-auto-1-exec-1] o.s.web.servlet.DispatcherServlet        : Initializing Servlet 'dispatcherServlet'
2023-04-23 06:55:56.620  INFO 3844 --- [o-auto-1-exec-1] o.s.web.servlet.DispatcherServlet        : Completed initialization in 40 ms
]]></system-out>
  <system-err><![CDATA[]]></system-err>
</testsuite>
